# JRE version: OpenJDK Runtime Environment Temurin-21.0.3+9 (21.0.3+9) (build 21.0.3+9-LTS)
# Java VM: OpenJDK 64-Bit Server VM Temurin-21.0.3+9 (21.0.3+9-LTS, mixed mode, tiered, compressed oops, compressed class ptrs, g1 gc, windows-amd64)
GC Precious Log:
 CardTable entry size: 512
 Card Set container configuration: InlinePtr #cards 5 size 8 Array Of Cards #cards 12 size 40 Howl #buckets 4 coarsen threshold 1843 Howl Bitmap #cards 512 size 80 coarsen threshold 460 Card regions per heap region 1 cards per card region 2048
 CPUs: 4 total, 4 available
 Memory: 7886M
 Large Page Support: Disabled
 NUMA Support: Disabled
 Compressed Oops: Enabled (32-bit)
 Heap Region Size: 1M
 Heap Min Capacity: 8M
 Heap Initial Capacity: 124M
 Heap Max Capacity: 1972M
 Pre-touch: Disabled
 Parallel Workers: 4
 Concurrent Workers: 1
 Concurrent Refinement Workers: 4
 Periodic GC: Disabled
Heap:
 garbage-first heap   total 101376K, used 56320K [0x0000000084c00000, 0x0000000100000000)
  region size 1024K, 3 young (3072K), 3 survivors (3072K)
 Metaspace       used 42782K, committed 43264K, reserved 1114112K
  class space    used 4530K, committed 4736K, reserved 1048576K
GC Heap History (20 events):
Event: 3.783 GC heap after
{Heap after GC invocations=8 (full 0):
 garbage-first heap   total 77824K, used 15031K [0x0000000084c00000, 0x0000000100000000)
  region size 1024K, 6 young (6144K), 6 survivors (6144K)
 Metaspace       used 28125K, committed 28352K, reserved 1114112K
  class space    used 2915K, committed 3008K, reserved 1048576K
}
Event: 4.954 GC heap before
{Heap before GC invocations=8 (full 0):
 garbage-first heap   total 77824K, used 54967K [0x0000000084c00000, 0x0000000100000000)
  region size 1024K, 45 young (46080K), 6 survivors (6144K)
 Metaspace       used 29683K, committed 29952K, reserved 1114112K
  class space    used 3055K, committed 3200K, reserved 1048576K
}
Event: 4.965 GC heap after
{Heap after GC invocations=9 (full 0):
 garbage-first heap   total 77824K, used 17361K [0x0000000084c00000, 0x0000000100000000)
  region size 1024K, 3 young (3072K), 3 survivors (3072K)
 Metaspace       used 29683K, committed 29952K, reserved 1114112K
  class space    used 3055K, committed 3200K, reserved 1048576K
}
Event: 5.750 GC heap before
{Heap before GC invocations=9 (full 0):
 garbage-first heap   total 77824K, used 65489K [0x0000000084c00000, 0x0000000100000000)
  region size 1024K, 45 young (46080K), 3 survivors (3072K)
 Metaspace       used 35706K, committed 36032K, reserved 1114112K
  class space    used 3793K, committed 3968K, reserved 1048576K
}
Event: 5.763 GC heap after
{Heap after GC invocations=10 (full 0):
 garbage-first heap   total 77824K, used 25999K [0x0000000084c00000, 0x0000000100000000)
  region size 1024K, 6 young (6144K), 6 survivors (6144K)
 Metaspace       used 35706K, committed 36032K, reserved 1114112K
  class space    used 3793K, committed 3968K, reserved 1048576K
}
Event: 5.776 GC heap before
{Heap before GC invocations=10 (full 0):
 garbage-first heap   total 77824K, used 25999K [0x0000000084c00000, 0x0000000100000000)
  region size 1024K, 7 young (7168K), 6 survivors (6144K)
 Metaspace       used 35892K, committed 36160K, reserved 1114112K
  class space    used 3807K, committed 3968K, reserved 1048576K
}
Event: 5.785 GC heap after
{Heap after GC invocations=11 (full 0):
 garbage-first heap   total 77824K, used 27377K [0x0000000084c00000, 0x0000000100000000)
  region size 1024K, 1 young (1024K), 1 survivors (1024K)
 Metaspace       used 35892K, committed 36160K, reserved 1114112K
  class space    used 3807K, committed 3968K, reserved 1048576K
}
Event: 6.439 GC heap before
{Heap before GC invocations=12 (full 0):
 garbage-first heap   total 77824K, used 66289K [0x0000000084c00000, 0x0000000100000000)
  region size 1024K, 38 young (38912K), 1 survivors (1024K)
 Metaspace       used 38246K, committed 38592K, reserved 1114112K
  class space    used 4043K, committed 4160K, reserved 1048576K
}
Event: 6.449 GC heap after
{Heap after GC invocations=13 (full 0):
 garbage-first heap   total 79872K, used 40429K [0x0000000084c00000, 0x0000000100000000)
  region size 1024K, 5 young (5120K), 5 survivors (5120K)
 Metaspace       used 38246K, committed 38592K, reserved 1114112K
  class space    used 4043K, committed 4160K, reserved 1048576K
}
Event: 7.183 GC heap before
{Heap before GC invocations=13 (full 0):
 garbage-first heap   total 79872K, used 63981K [0x0000000084c00000, 0x0000000100000000)
  region size 1024K, 29 young (29696K), 5 survivors (5120K)
 Metaspace       used 39738K, committed 40128K, reserved 1114112K
  class space    used 4207K, committed 4352K, reserved 1048576K
}
Event: 7.193 GC heap after
{Heap after GC invocations=14 (full 0):
 garbage-first heap   total 96256K, used 42873K [0x0000000084c00000, 0x0000000100000000)
  region size 1024K, 3 young (3072K), 3 survivors (3072K)
 Metaspace       used 39738K, committed 40128K, reserved 1114112K
  class space    used 4207K, committed 4352K, reserved 1048576K
}
Event: 8.023 GC heap before
{Heap before GC invocations=14 (full 0):
 garbage-first heap   total 96256K, used 77689K [0x0000000084c00000, 0x0000000100000000)
  region size 1024K, 37 young (37888K), 3 survivors (3072K)
 Metaspace       used 42179K, committed 42624K, reserved 1114112K
  class space    used 4487K, committed 4736K, reserved 1048576K
}
Event: 8.039 GC heap after
{Heap after GC invocations=15 (full 0):
 garbage-first heap   total 96256K, used 43648K [0x0000000084c00000, 0x0000000100000000)
  region size 1024K, 3 young (3072K), 3 survivors (3072K)
 Metaspace       used 42179K, committed 42624K, reserved 1114112K
  class space    used 4487K, committed 4736K, reserved 1048576K
}
Event: 8.650 GC heap before
{Heap before GC invocations=15 (full 0):
 garbage-first heap   total 96256K, used 57984K [0x0000000084c00000, 0x0000000100000000)
  region size 1024K, 16 young (16384K), 3 survivors (3072K)
 Metaspace       used 42644K, committed 43072K, reserved 1114112K
  class space    used 4528K, committed 4736K, reserved 1048576K
}
Event: 8.661 GC heap after
{Heap after GC invocations=16 (full 0):
 garbage-first heap   total 96256K, used 43859K [0x0000000084c00000, 0x0000000100000000)
  region size 1024K, 2 young (2048K), 2 survivors (2048K)
 Metaspace       used 42644K, committed 43072K, reserved 1114112K
  class space    used 4528K, committed 4736K, reserved 1048576K
}
Event: 8.710 GC heap before
{Heap before GC invocations=16 (full 0):
 garbage-first heap   total 96256K, used 52051K [0x0000000084c00000, 0x0000000100000000)
  region size 1024K, 9 young (9216K), 2 survivors (2048K)
 Metaspace       used 42649K, committed 43072K, reserved 1114112K
  class space    used 4528K, committed 4736K, reserved 1048576K
}
Event: 8.720 GC heap after
{Heap after GC invocations=17 (full 0):
 garbage-first heap   total 96256K, used 50582K [0x0000000084c00000, 0x0000000100000000)
  region size 1024K, 5 young (5120K), 5 survivors (5120K)
 Metaspace       used 42649K, committed 43072K, reserved 1114112K
  class space    used 4528K, committed 4736K, reserved 1048576K
}
Event: 9.000 GC heap before
{Heap before GC invocations=18 (full 0):
 garbage-first heap   total 96256K, used 72086K [0x0000000084c00000, 0x0000000100000000)
  region size 1024K, 24 young (24576K), 5 survivors (5120K)
 Metaspace       used 42770K, committed 43200K, reserved 1114112K
  class space    used 4530K, committed 4736K, reserved 1048576K
}
Event: 9.021 GC heap after
{Heap after GC invocations=19 (full 0):
 garbage-first heap   total 96256K, used 60928K [0x0000000084c00000, 0x0000000100000000)
  region size 1024K, 3 young (3072K), 3 survivors (3072K)
 Metaspace       used 42770K, committed 43200K, reserved 1114112K
  class space    used 4530K, committed 4736K, reserved 1048576K
}
Event: 9.282 GC heap before
{Heap before GC invocations=19 (full 0):
 garbage-first heap   total 96256K, used 75264K [0x0000000084c00000, 0x0000000100000000)
  region size 1024K, 18 young (18432K), 3 survivors (3072K)
 Metaspace       used 42782K, committed 43264K, reserved 1114112K
  class space    used 4530K, committed 4736K, reserved 1048576K
}

